C:\OF_V0.8.1_VS_RELEASE\APPS\MYAPPS\MYSKETCH\OBJ\DEBUG\MAIN.OBJ
C:\OF_V0.8.1_VS_RELEASE\APPS\MYAPPS\MYSKETCH\OBJ\DEBUG\OFAPP.OBJ
C:\OF_V0.8.1_VS_RELEASE\APPS\MYAPPS\MYSKETCH\OBJ\DEBUG\VC110.PDB
C:\OF_V0.8.1_VS_RELEASE\APPS\MYAPPS\MYSKETCH\OBJ\DEBUG\ASSETMANAGER.OBJ
C:\OF_V0.8.1_VS_RELEASE\APPS\MYAPPS\MYSKETCH\OBJ\DEBUG\MIAPP.OBJ
C:\of_v0.8.1_vs_release\apps\myApps\mySketch\bin\mySketch_debug.lib
C:\of_v0.8.1_vs_release\apps\myApps\mySketch\bin\mySketch_debug.exp
C:\OF_V0.8.1_VS_RELEASE\APPS\MYAPPS\MYSKETCH\OBJ\DEBUG\ICON.RES
C:\of_v0.8.1_vs_release\apps\myApps\mySketch\obj\Debug\mySketch.vcxprojResolveAssemblyReference.cache
C:\of_v0.8.1_vs_release\apps\myApps\mySketch\obj\Debug\AssetManager.obj
C:\of_v0.8.1_vs_release\apps\myApps\mySketch\obj\Debug\main.obj
C:\of_v0.8.1_vs_release\apps\myApps\mySketch\obj\Debug\MiApp.obj
C:\of_v0.8.1_vs_release\apps\myApps\mySketch\obj\Debug\ofApp.obj
C:\of_v0.8.1_vs_release\apps\myApps\mySketch\obj\Debug\cl.command.1.tlog
C:\of_v0.8.1_vs_release\apps\myApps\mySketch\obj\Debug\CL.read.1.tlog
C:\of_v0.8.1_vs_release\apps\myApps\mySketch\obj\Debug\CL.write.1.tlog
C:\of_v0.8.1_vs_release\apps\myApps\mySketch\obj\Debug\link-cvtres.read.1.tlog
C:\of_v0.8.1_vs_release\apps\myApps\mySketch\obj\Debug\link-cvtres.write.1.tlog
C:\of_v0.8.1_vs_release\apps\myApps\mySketch\obj\Debug\link-rc.read.1.tlog
C:\of_v0.8.1_vs_release\apps\myApps\mySketch\obj\Debug\link-rc.write.1.tlog
C:\of_v0.8.1_vs_release\apps\myApps\mySketch\obj\Debug\link.2520-cvtres.read.1.tlog
C:\of_v0.8.1_vs_release\apps\myApps\mySketch\obj\Debug\link.2520-cvtres.write.1.tlog
C:\of_v0.8.1_vs_release\apps\myApps\mySketch\obj\Debug\link.2520-rc.read.1.tlog
C:\of_v0.8.1_vs_release\apps\myApps\mySketch\obj\Debug\link.2520-rc.write.1.tlog
C:\of_v0.8.1_vs_release\apps\myApps\mySketch\obj\Debug\link.2520.read.1.tlog
C:\of_v0.8.1_vs_release\apps\myApps\mySketch\obj\Debug\link.2520.write.1.tlog
C:\of_v0.8.1_vs_release\apps\myApps\mySketch\obj\Debug\link.2824-cvtres.read.1.tlog
C:\of_v0.8.1_vs_release\apps\myApps\mySketch\obj\Debug\link.2824-cvtres.write.1.tlog
C:\of_v0.8.1_vs_release\apps\myApps\mySketch\obj\Debug\link.2824-rc.read.1.tlog
C:\of_v0.8.1_vs_release\apps\myApps\mySketch\obj\Debug\link.2824-rc.write.1.tlog
C:\of_v0.8.1_vs_release\apps\myApps\mySketch\obj\Debug\link.2824.read.1.tlog
C:\of_v0.8.1_vs_release\apps\myApps\mySketch\obj\Debug\link.2824.write.1.tlog
C:\of_v0.8.1_vs_release\apps\myApps\mySketch\obj\Debug\link.2884-cvtres.read.1.tlog
C:\of_v0.8.1_vs_release\apps\myApps\mySketch\obj\Debug\link.2884-cvtres.write.1.tlog
C:\of_v0.8.1_vs_release\apps\myApps\mySketch\obj\Debug\link.2884-rc.read.1.tlog
C:\of_v0.8.1_vs_release\apps\myApps\mySketch\obj\Debug\link.2884-rc.write.1.tlog
C:\of_v0.8.1_vs_release\apps\myApps\mySketch\obj\Debug\link.2884.read.1.tlog
C:\of_v0.8.1_vs_release\apps\myApps\mySketch\obj\Debug\link.2884.write.1.tlog
C:\of_v0.8.1_vs_release\apps\myApps\mySketch\obj\Debug\link.3820-cvtres.read.1.tlog
C:\of_v0.8.1_vs_release\apps\myApps\mySketch\obj\Debug\link.3820-cvtres.write.1.tlog
C:\of_v0.8.1_vs_release\apps\myApps\mySketch\obj\Debug\link.3820-rc.read.1.tlog
C:\of_v0.8.1_vs_release\apps\myApps\mySketch\obj\Debug\link.3820-rc.write.1.tlog
C:\of_v0.8.1_vs_release\apps\myApps\mySketch\obj\Debug\link.3820.read.1.tlog
C:\of_v0.8.1_vs_release\apps\myApps\mySketch\obj\Debug\link.3820.write.1.tlog
C:\of_v0.8.1_vs_release\apps\myApps\mySketch\obj\Debug\link.3940-cvtres.read.1.tlog
C:\of_v0.8.1_vs_release\apps\myApps\mySketch\obj\Debug\link.3940-cvtres.write.1.tlog
C:\of_v0.8.1_vs_release\apps\myApps\mySketch\obj\Debug\link.3940-rc.read.1.tlog
C:\of_v0.8.1_vs_release\apps\myApps\mySketch\obj\Debug\link.3940-rc.write.1.tlog
C:\of_v0.8.1_vs_release\apps\myApps\mySketch\obj\Debug\link.3940.read.1.tlog
C:\of_v0.8.1_vs_release\apps\myApps\mySketch\obj\Debug\link.3940.write.1.tlog
C:\of_v0.8.1_vs_release\apps\myApps\mySketch\obj\Debug\link.4164-cvtres.read.1.tlog
C:\of_v0.8.1_vs_release\apps\myApps\mySketch\obj\Debug\link.4164-cvtres.write.1.tlog
C:\of_v0.8.1_vs_release\apps\myApps\mySketch\obj\Debug\link.4164-rc.read.1.tlog
C:\of_v0.8.1_vs_release\apps\myApps\mySketch\obj\Debug\link.4164-rc.write.1.tlog
C:\of_v0.8.1_vs_release\apps\myApps\mySketch\obj\Debug\link.4164.read.1.tlog
C:\of_v0.8.1_vs_release\apps\myApps\mySketch\obj\Debug\link.4164.write.1.tlog
C:\of_v0.8.1_vs_release\apps\myApps\mySketch\obj\Debug\link.4396-cvtres.read.1.tlog
C:\of_v0.8.1_vs_release\apps\myApps\mySketch\obj\Debug\link.4396-cvtres.write.1.tlog
C:\of_v0.8.1_vs_release\apps\myApps\mySketch\obj\Debug\link.4396-rc.read.1.tlog
C:\of_v0.8.1_vs_release\apps\myApps\mySketch\obj\Debug\link.4396-rc.write.1.tlog
C:\of_v0.8.1_vs_release\apps\myApps\mySketch\obj\Debug\link.4396.read.1.tlog
C:\of_v0.8.1_vs_release\apps\myApps\mySketch\obj\Debug\link.4396.write.1.tlog
C:\of_v0.8.1_vs_release\apps\myApps\mySketch\obj\Debug\link.4968-cvtres.read.1.tlog
C:\of_v0.8.1_vs_release\apps\myApps\mySketch\obj\Debug\link.4968-cvtres.write.1.tlog
C:\of_v0.8.1_vs_release\apps\myApps\mySketch\obj\Debug\link.4968-rc.read.1.tlog
C:\of_v0.8.1_vs_release\apps\myApps\mySketch\obj\Debug\link.4968-rc.write.1.tlog
C:\of_v0.8.1_vs_release\apps\myApps\mySketch\obj\Debug\link.4968.read.1.tlog
C:\of_v0.8.1_vs_release\apps\myApps\mySketch\obj\Debug\link.4968.write.1.tlog
C:\of_v0.8.1_vs_release\apps\myApps\mySketch\obj\Debug\link.5048-cvtres.read.1.tlog
C:\of_v0.8.1_vs_release\apps\myApps\mySketch\obj\Debug\link.5048-cvtres.write.1.tlog
C:\of_v0.8.1_vs_release\apps\myApps\mySketch\obj\Debug\link.5048-rc.read.1.tlog
C:\of_v0.8.1_vs_release\apps\myApps\mySketch\obj\Debug\link.5048-rc.write.1.tlog
C:\of_v0.8.1_vs_release\apps\myApps\mySketch\obj\Debug\link.5048.read.1.tlog
C:\of_v0.8.1_vs_release\apps\myApps\mySketch\obj\Debug\link.5048.write.1.tlog
C:\of_v0.8.1_vs_release\apps\myApps\mySketch\obj\Debug\link.5104-cvtres.read.1.tlog
C:\of_v0.8.1_vs_release\apps\myApps\mySketch\obj\Debug\link.5104-cvtres.write.1.tlog
C:\of_v0.8.1_vs_release\apps\myApps\mySketch\obj\Debug\link.5104-rc.read.1.tlog
C:\of_v0.8.1_vs_release\apps\myApps\mySketch\obj\Debug\link.5104-rc.write.1.tlog
C:\of_v0.8.1_vs_release\apps\myApps\mySketch\obj\Debug\link.5104.read.1.tlog
C:\of_v0.8.1_vs_release\apps\myApps\mySketch\obj\Debug\link.5104.write.1.tlog
C:\of_v0.8.1_vs_release\apps\myApps\mySketch\obj\Debug\link.5272-cvtres.read.1.tlog
C:\of_v0.8.1_vs_release\apps\myApps\mySketch\obj\Debug\link.5272-cvtres.write.1.tlog
C:\of_v0.8.1_vs_release\apps\myApps\mySketch\obj\Debug\link.5272-rc.read.1.tlog
C:\of_v0.8.1_vs_release\apps\myApps\mySketch\obj\Debug\link.5272-rc.write.1.tlog
C:\of_v0.8.1_vs_release\apps\myApps\mySketch\obj\Debug\link.5272.read.1.tlog
C:\of_v0.8.1_vs_release\apps\myApps\mySketch\obj\Debug\link.5272.write.1.tlog
C:\of_v0.8.1_vs_release\apps\myApps\mySketch\obj\Debug\link.5416-cvtres.read.1.tlog
C:\of_v0.8.1_vs_release\apps\myApps\mySketch\obj\Debug\link.5416-cvtres.write.1.tlog
C:\of_v0.8.1_vs_release\apps\myApps\mySketch\obj\Debug\link.5416-rc.read.1.tlog
C:\of_v0.8.1_vs_release\apps\myApps\mySketch\obj\Debug\link.5416-rc.write.1.tlog
C:\of_v0.8.1_vs_release\apps\myApps\mySketch\obj\Debug\link.5416.read.1.tlog
C:\of_v0.8.1_vs_release\apps\myApps\mySketch\obj\Debug\link.5416.write.1.tlog
C:\of_v0.8.1_vs_release\apps\myApps\mySketch\obj\Debug\link.6088-cvtres.read.1.tlog
C:\of_v0.8.1_vs_release\apps\myApps\mySketch\obj\Debug\link.6088-cvtres.write.1.tlog
C:\of_v0.8.1_vs_release\apps\myApps\mySketch\obj\Debug\link.6088-rc.read.1.tlog
C:\of_v0.8.1_vs_release\apps\myApps\mySketch\obj\Debug\link.6088-rc.write.1.tlog
C:\of_v0.8.1_vs_release\apps\myApps\mySketch\obj\Debug\link.6088.read.1.tlog
C:\of_v0.8.1_vs_release\apps\myApps\mySketch\obj\Debug\link.6088.write.1.tlog
C:\of_v0.8.1_vs_release\apps\myApps\mySketch\obj\Debug\link.6176-cvtres.read.1.tlog
C:\of_v0.8.1_vs_release\apps\myApps\mySketch\obj\Debug\link.6176-cvtres.write.1.tlog
C:\of_v0.8.1_vs_release\apps\myApps\mySketch\obj\Debug\link.6176-rc.read.1.tlog
C:\of_v0.8.1_vs_release\apps\myApps\mySketch\obj\Debug\link.6176-rc.write.1.tlog
C:\of_v0.8.1_vs_release\apps\myApps\mySketch\obj\Debug\link.6176.read.1.tlog
C:\of_v0.8.1_vs_release\apps\myApps\mySketch\obj\Debug\link.6176.write.1.tlog
C:\of_v0.8.1_vs_release\apps\myApps\mySketch\obj\Debug\link.6548-cvtres.read.1.tlog
C:\of_v0.8.1_vs_release\apps\myApps\mySketch\obj\Debug\link.6548-cvtres.write.1.tlog
C:\of_v0.8.1_vs_release\apps\myApps\mySketch\obj\Debug\link.6548-rc.read.1.tlog
C:\of_v0.8.1_vs_release\apps\myApps\mySketch\obj\Debug\link.6548-rc.write.1.tlog
C:\of_v0.8.1_vs_release\apps\myApps\mySketch\obj\Debug\link.6548.read.1.tlog
C:\of_v0.8.1_vs_release\apps\myApps\mySketch\obj\Debug\link.6548.write.1.tlog
C:\of_v0.8.1_vs_release\apps\myApps\mySketch\obj\Debug\link.7484-cvtres.read.1.tlog
C:\of_v0.8.1_vs_release\apps\myApps\mySketch\obj\Debug\link.7484-cvtres.write.1.tlog
C:\of_v0.8.1_vs_release\apps\myApps\mySketch\obj\Debug\link.7484-rc.read.1.tlog
C:\of_v0.8.1_vs_release\apps\myApps\mySketch\obj\Debug\link.7484-rc.write.1.tlog
C:\of_v0.8.1_vs_release\apps\myApps\mySketch\obj\Debug\link.7484.read.1.tlog
C:\of_v0.8.1_vs_release\apps\myApps\mySketch\obj\Debug\link.7484.write.1.tlog
C:\of_v0.8.1_vs_release\apps\myApps\mySketch\obj\Debug\link.8360-cvtres.read.1.tlog
C:\of_v0.8.1_vs_release\apps\myApps\mySketch\obj\Debug\link.8360-cvtres.write.1.tlog
C:\of_v0.8.1_vs_release\apps\myApps\mySketch\obj\Debug\link.8360-rc.read.1.tlog
C:\of_v0.8.1_vs_release\apps\myApps\mySketch\obj\Debug\link.8360-rc.write.1.tlog
C:\of_v0.8.1_vs_release\apps\myApps\mySketch\obj\Debug\link.8360.read.1.tlog
C:\of_v0.8.1_vs_release\apps\myApps\mySketch\obj\Debug\link.8360.write.1.tlog
C:\of_v0.8.1_vs_release\apps\myApps\mySketch\obj\Debug\link.8688-cvtres.read.1.tlog
C:\of_v0.8.1_vs_release\apps\myApps\mySketch\obj\Debug\link.8688-cvtres.write.1.tlog
C:\of_v0.8.1_vs_release\apps\myApps\mySketch\obj\Debug\link.8688-rc.read.1.tlog
C:\of_v0.8.1_vs_release\apps\myApps\mySketch\obj\Debug\link.8688-rc.write.1.tlog
C:\of_v0.8.1_vs_release\apps\myApps\mySketch\obj\Debug\link.8688.read.1.tlog
C:\of_v0.8.1_vs_release\apps\myApps\mySketch\obj\Debug\link.8688.write.1.tlog
C:\of_v0.8.1_vs_release\apps\myApps\mySketch\obj\Debug\link.8968-cvtres.read.1.tlog
C:\of_v0.8.1_vs_release\apps\myApps\mySketch\obj\Debug\link.8968-cvtres.write.1.tlog
C:\of_v0.8.1_vs_release\apps\myApps\mySketch\obj\Debug\link.8968-rc.read.1.tlog
C:\of_v0.8.1_vs_release\apps\myApps\mySketch\obj\Debug\link.8968-rc.write.1.tlog
C:\of_v0.8.1_vs_release\apps\myApps\mySketch\obj\Debug\link.8968.read.1.tlog
C:\of_v0.8.1_vs_release\apps\myApps\mySketch\obj\Debug\link.8968.write.1.tlog
C:\of_v0.8.1_vs_release\apps\myApps\mySketch\obj\Debug\link.920-cvtres.read.1.tlog
C:\of_v0.8.1_vs_release\apps\myApps\mySketch\obj\Debug\link.920-cvtres.write.1.tlog
C:\of_v0.8.1_vs_release\apps\myApps\mySketch\obj\Debug\link.920-rc.read.1.tlog
C:\of_v0.8.1_vs_release\apps\myApps\mySketch\obj\Debug\link.920-rc.write.1.tlog
C:\of_v0.8.1_vs_release\apps\myApps\mySketch\obj\Debug\link.920.read.1.tlog
C:\of_v0.8.1_vs_release\apps\myApps\mySketch\obj\Debug\link.920.write.1.tlog
C:\of_v0.8.1_vs_release\apps\myApps\mySketch\obj\Debug\link.command.1.tlog
C:\of_v0.8.1_vs_release\apps\myApps\mySketch\obj\Debug\link.read.1.tlog
C:\of_v0.8.1_vs_release\apps\myApps\mySketch\obj\Debug\link.write.1.tlog
C:\of_v0.8.1_vs_release\apps\myApps\mySketch\obj\Debug\mySketch.write.1.tlog
C:\of_v0.8.1_vs_release\apps\myApps\mySketch\obj\Debug\rc.command.1.tlog
C:\of_v0.8.1_vs_release\apps\myApps\mySketch\obj\Debug\rc.read.1.tlog
C:\of_v0.8.1_vs_release\apps\myApps\mySketch\obj\Debug\rc.write.1.tlog
C:\of_v0.8.1_vs_release\apps\myApps\mySketch\obj\Debug\icon.res
C:\of_v0.8.1_vs_release\apps\myApps\mySketch\obj\Debug\vc110.idb
C:\of_v0.8.1_vs_release\apps\myApps\mySketch\obj\Debug\vc110.pdb
